<?xml version="1.0" encoding="UTF-8"?>
<coverage generated="1649977611322" clover="3.2.0">
  <project timestamp="1649977611323" name="All files">
    <metrics statements="24" coveredstatements="24" conditionals="10" coveredconditionals="10" methods="5" coveredmethods="5" elements="39" coveredelements="39" complexity="0" loc="24" ncloc="24" packages="1" files="5" classes="5"/>
    <file name="input.js" path="/home/hand/northCoders/testingHigherOrderFunction/js-Files/input.js">
      <metrics statements="10" coveredstatements="10" conditionals="10" coveredconditionals="10" methods="1" coveredmethods="1"/>
      <line num="2" count="4" type="cond" truecount="2" falsecount="0"/>
      <line num="3" count="1" type="stmt"/>
      <line num="5" count="4" type="cond" truecount="4" falsecount="0"/>
      <line num="6" count="1" type="stmt"/>
      <line num="8" count="4" type="cond" truecount="2" falsecount="0"/>
      <line num="9" count="1" type="stmt"/>
      <line num="11" count="4" type="cond" truecount="2" falsecount="0"/>
      <line num="12" count="1" type="stmt"/>
      <line num="17" count="4" type="stmt"/>
      <line num="20" count="1" type="stmt"/>
    </file>
    <file name="main.js" path="/home/hand/northCoders/testingHigherOrderFunction/js-Files/main.js">
      <metrics statements="5" coveredstatements="5" conditionals="0" coveredconditionals="0" methods="1" coveredmethods="1"/>
      <line num="2" count="1" type="stmt"/>
      <line num="4" count="1" type="stmt"/>
      <line num="5" count="3" type="stmt"/>
      <line num="8" count="1" type="stmt"/>
      <line num="11" count="1" type="stmt"/>
    </file>
    <file name="matchers.js" path="/home/hand/northCoders/testingHigherOrderFunction/js-Files/matchers.js">
      <metrics statements="2" coveredstatements="2" conditionals="0" coveredconditionals="0" methods="0" coveredmethods="0"/>
      <line num="1" count="1" type="stmt"/>
      <line num="3" count="1" type="stmt"/>
    </file>
    <file name="sayhi.js" path="/home/hand/northCoders/testingHigherOrderFunction/js-Files/sayhi.js">
      <metrics statements="4" coveredstatements="4" conditionals="0" coveredconditionals="0" methods="1" coveredmethods="1"/>
      <line num="1" count="1" type="stmt"/>
      <line num="2" count="3" type="stmt"/>
      <line num="4" count="1" type="stmt"/>
      <line num="5" count="1" type="stmt"/>
    </file>
    <file name="sum.js" path="/home/hand/northCoders/testingHigherOrderFunction/js-Files/sum.js">
      <metrics statements="3" coveredstatements="3" conditionals="0" coveredconditionals="0" methods="2" coveredmethods="2"/>
      <line num="1" count="1" type="stmt"/>
      <line num="2" count="24" type="stmt"/>
      <line num="5" count="1" type="stmt"/>
    </file>
  </project>
</coverage>
