TN:
SF:js-Files/input.js
FN:1,filter
FNF:1
FNH:1
FNDA:4,filter
DA:2,4
DA:3,1
DA:5,4
DA:6,1
DA:8,4
DA:9,1
DA:11,4
DA:12,1
DA:17,4
DA:20,1
LF:10
LH:10
BRDA:2,0,0,1
BRDA:2,0,1,3
BRDA:5,1,0,1
BRDA:5,1,1,3
BRDA:5,2,0,4
BRDA:5,2,1,3
BRDA:8,3,0,1
BRDA:8,3,1,3
BRDA:11,4,0,1
BRDA:11,4,1,3
BRF:10
BRH:10
end_of_record
TN:
SF:js-Files/main.js
FN:1,copyArrayAndDoStuff
FNF:1
FNH:1
FNDA:1,copyArrayAndDoStuff
DA:2,1
DA:4,1
DA:5,3
DA:8,1
DA:11,1
LF:5
LH:5
BRF:0
BRH:0
end_of_record
TN:
SF:js-Files/matchers.js
FNF:0
FNH:0
DA:1,1
DA:3,1
LF:2
LH:2
BRF:0
BRH:0
end_of_record
TN:
SF:js-Files/sayhi.js
FN:1,(anonymous_0)
FNF:1
FNH:1
FNDA:3,(anonymous_0)
DA:1,1
DA:2,3
DA:4,1
DA:5,1
LF:4
LH:4
BRF:0
BRH:0
end_of_record
TN:
SF:js-Files/sum.js
FN:1,(anonymous_0)
FN:2,(anonymous_1)
FNF:2
FNH:2
FNDA:6,(anonymous_0)
FNDA:24,(anonymous_1)
DA:1,1
DA:2,24
DA:5,1
LF:3
LH:3
BRF:0
BRH:0
end_of_record
